mpmyoutcomenext,mmyoutcomenext,mprunagain,mrunagain,mpofficeexp,mofficeexp,mpelectexp,melectexp,difgrp,difshare
.0051628,0,.1406145,.1538462,.0995114,.0512821,.2887656,.3333333,150,-.2474084
.0054228,.0185185,.1416555,.0925926,.1062786,.3148148,.2972264,.5185185,151,-.2436283
.0057195,0,.1428252,.2321429,.1137689,0,.3065422,.125,152,-.2369179
.0060213,0,.1439953,.1860465,.1211456,0,.3156699,.0697674,153,-.2331908
.0063755,0,.1453444,.255814,.129514,.0697674,.3259717,.2325581,154,-.2255954
.0067569,0,.1467688,.1632653,.1381978,0,.3366061,.2040816,155,-.2249876
.0071724,0,.1482879,.1111111,.1472951,.0222222,.347689,.1777778,156,-.2177286
.0076638,0,.1500431,.1086956,.1576062,.1086956,.3601835,.326087,157,-.2125493
.0081001,0,.151566,.1914894,.1663857,.0851064,.3707682,.2978723,158,-.2098773
.0086654,0,.1534938,.1081081,.1772959,.0540541,.3838584,.2702703,159,-.2017008
.0092504,.0540541,.1554371,.2702703,.188066,.2972973,.3967127,.5405405,160,-.1956761
.0098759,0,.1574621,.1875,.1990657,0,.4097764,.0416667,161,-.1934419
.0106061,.0178571,.1597635,.1607143,.2113067,.0178571,.4242425,.1071429,162,-.1850631
.0112941,.0178571,.1618747,.0892857,.2223028,.125,.4371745,.2678571,163,-.1811414
.0121487,0,.1644291,.1851852,.2353358,.0185185,.4524314,.2222222,164,-.1771785
.0130556,0,.167062,.2790698,.2484629,.2790698,.4677214,.627907,165,-.1707538
.0139234,0,.169516,.0666667,.2604439,.0888889,.4816141,.4222222,166,-.1697316
.0150249,0,.1725457,.0943396,.274906,.5283019,.4983061,.6981132,167,-.1632453
.0162817,.027027,.175899,.1351351,.2905184,.0540541,.5162351,.1621622,168,-.1595963
.0174538,0,.1789407,.1176471,.3043518,.4313726,.5320479,.9411765,169,-.1527211
.0187678,.0754717,.1822616,.2264151,.3191154,.3018868,.5488504,.490566,170,-.1464154
.020339,.0638298,.186123,.2765957,.3358615,.2553191,.5678204,.4468085,171,-.1436985
.0219532,.0344828,.1899822,.1724138,.3521809,.4310345,.5862215,.6896552,172,-.1387948
.023708,0,.1940695,.1666667,.369041,.5,.6051472,.7,173,-.1315988
.0256725,.0188679,.1985264,.1132075,.3869493,.2641509,.625157,.509434,174,-.1255823
.0278142,0,.2032639,.1794872,.4054888,.0769231,.6457776,.3333333,175,-.1215938
.0299688,.0338983,.2079217,.220339,.4232576,.6610169,.6654556,.8474576,176,-.1165396
.0324043,.0192308,.2130709,.1730769,.4423925,.5576923,.686554,.6923077,177,-.1143623
.0350554,.0677966,.2185587,.2372881,.4622453,.5423729,.7083478,.8983051,178,-.1066889
.0381045,.02,.224744,.2,.4840007,.28,.7321219,.64,179,-.1032734
.0412223,.0588235,.2309538,.1960784,.5052336,1.019608,.755221,1.333333,180,-.0987782
.0443876,.0350877,.2371627,.245614,.5259058,.4035088,.777616,.6666667,181,-.0939993
.0476984,.0238095,.2435723,.3095238,.5466879,.7857143,.8000376,.9761904,182,-.0886391
.0518499,.0526316,.2515156,.2894737,.5717168,.4210526,.8269222,.6315789,183,-.0811871
.0557765,.04,.2589621,.38,.594537,.68,.8513303,.94,184,-.0799299
.060147,.0612245,.2671993,.1836735,.61908,.6122449,.8774688,.9183673,185,-.0701374
.0648275,.1304348,.2759925,.3043478,.6445596,.2608696,.9044903,.4130435,186,-.0653208
.0699171,.1071429,.2855549,.2142857,.6714829,2.053571,.9329183,2.339286,187,-.062094
.0746403,.1132075,.2944605,.2641509,.6958738,.6037736,.9585643,.8113208,188,-.0551738
.0800781,.08,.3047839,.3,.7234257,.36,.9874192,.54,189,-.0544981
.0858171,.1052632,.315803,.3157895,.752039,.4210526,1.017259,.7105263,190,-.0467987
.0914997,.0181818,.3268827,.2727273,.7800606,.5636364,1.04636,.8727273,191,-.0413205
.0968754,.0377358,.3375595,.3396226,.8064197,.9056604,1.073629,1.09434,192,-.0375439
.1032839,.0681818,.3505924,.3863636,.8378257,.4545455,1.10599,.7272727,193,-.0331032
.1095998,.1707317,.3638324,.3902439,.8689518,1.195122,1.137928,1.560976,194,-.0256771
.1159628,.0491803,.3776501,.3934426,.9006964,.9508197,1.170369,1.278689,195,-.0206452
.1217331,.125,.3906794,.4791667,.9300169,.75,1.200217,1.020833,196,-.0156522
.1282835,.1136364,.4061645,.3181818,.9641829,1.204545,1.234863,1.454545,197,-.0140431
.1344575,.1627907,.4215969,.4883721,.9975844,.8139535,1.268596,1.093023,198,-.009509
.1404483,.2222222,.437502,.4166667,1.031448,.7777778,1.302665,1.027778,199,-.0027105
.5833957,.5744681,.8644627,.8085107,1.183828,1.702128,1.456601,2,200,.003456
.5954068,.6875,.8646221,.9166667,1.267559,1.8125,1.53767,1.979167,201,.0079522
.6081492,.5813953,.8648122,.8372093,1.358601,1.255814,1.625785,1.511628,202,.0116298
.6173179,.5555556,.8649639,.8444445,1.425735,1.8,1.690739,2.111111,203,.0152598
.6286778,.5428572,.8651702,.8285714,1.510935,2,1.773145,2.114286,204,.0225113
.639916,.6226415,.8653968,.9622642,1.597757,1.075472,1.857086,1.603774,205,.0295191
.6492231,.52,.8656021,.82,1.671663,1.88,1.928514,2.2,206,.0344594
.6592085,.7659575,.8658421,.9148936,1.753223,1.617021,2.00731,1.93617,207,.0396868
.6674959,.6290323,.8660582,.8064516,1.822873,1.854839,2.074576,2.032258,208,.0434322
.6762889,.7222222,.8663057,.8703704,1.898893,1.5,2.147965,1.87037,209,.0482464
.6849043,.6086956,.8665677,.9130435,1.97565,2,2.222039,2.065217,210,.0535843
.6923109,.7872341,.8668101,.9787234,2.043663,1.468085,2.287648,1.617021,211,.056988
.6998402,.75,.8670741,.8636364,2.114849,1.522727,2.356292,1.886364,212,.0604591
.7073728,.7192982,.8673574,.8245614,2.188321,2.315789,2.427112,2.631579,213,.0651924
.7137719,.6829268,.8676144,.8292683,2.252671,1.878049,2.489114,2.02439,214,.0744239
.7207199,.7735849,.8679124,.8867925,2.324735,1.566038,2.558522,1.641509,215,.0753106
.7270079,.6666667,.8681998,.8717949,2.392062,2.025641,2.62334,2.307692,216,.0843942
.7336106,.6458333,.8685222,.75,2.465153,2.354167,2.693674,2.666667,217,.0875117
.7388813,.7843137,.8687959,.8823529,2.525435,3.019608,2.751658,3.156863,218,.0908695
.7440267,.8,.8690779,.875,2.586005,2.225,2.809895,2.375,219,.0961219
.7493633,.7435898,.8693877,.8717949,2.65086,3.25641,2.872225,3.461539,220,.1035762
.7541426,.775,.8696812,.9,2.710828,2.45,2.929832,2.575,221,.1071639
.7593762,.7179487,.8700213,.7692308,2.778688,3.179487,2.994989,3.435897,222,.1111152
.7634836,.8444445,.8703037,.9333333,2.833755,2.755556,3.047837,2.955555,223,.1152216
.7682807,.7714286,.8706511,.9142857,2.900142,4.085714,3.111519,4.342857,224,.1244296
.7718417,.8,.8709229,.9111111,2.951063,3.066667,3.160342,3.244444,225,.1263402
.7758583,.7317073,.871245,.8292683,3.010321,2.317073,3.217129,2.487805,226,.1326649
.7793484,.8461539,.8715388,.8846154,3.063453,3.769231,3.268021,3.980769,227,.1357432
.7829643,.7692308,.8718584,.8205128,3.12032,3.692308,3.322462,3.871795,228,.1422597
.7863201,.75,.8721699,.8636364,3.174865,2.727273,3.374653,3.022727,229,.1451227
.7896128,.8717949,.8724909,.9230769,3.230225,3.435897,3.427592,3.692308,230,.1543959
.7922961,.8947368,.8727643,.9210526,3.276767,3.289474,3.472076,3.342105,231,.1560969
.795229,.8536586,.8730767,.9512195,3.329268,2.853658,3.522228,3.121951,232,.162607
.7978997,.7894737,.8733743,.8157895,3.378685,3.289474,3.569407,3.447368,233,.1683708
.8006949,.8571429,.8737006,.9285714,3.432216,3.142857,3.620481,3.190476,234,.1729501
.803039,.7380952,.8739864,.8333333,3.478634,4,3.664742,4.238095,235,.1769604
.8053052,.8333333,.8742748,.8703704,3.525032,3.481482,3.708955,3.592592,236,.1845836
.8075485,.7073171,.8745729,.8048781,3.57254,3.853658,3.754197,4.02439,237,.1890548
.8095108,.8157895,.8748444,.8684211,3.615488,2.973684,3.79507,3.157895,238,.1915573
.8115008,.8055556,.8751313,.8888889,3.660548,3.666667,3.837925,3.972222,239,.1976904
.8133501,.8108108,.8754091,.9189189,3.703903,4.486486,3.879128,4.567567,240,.201956
.81511,.8571429,.8756846,.9047619,3.746645,3.857143,3.919719,4.095238,241,.2054043
.8167953,.8,.8759592,.92,3.789055,4.42,3.959965,4.74,242,.2109439
.8183062,.8,.8762155,.8,3.828472,3.088889,3.997341,3.2,243,.2150617
.8198403,.7719298,.8764861,.8245614,3.869988,3.315789,4.036676,3.438596,244,.2248481
.8212092,.7804878,.8767375,.8048781,3.908448,4.04878,4.073085,4.195122,245,.2298399
.822491,.7377049,.8769822,.8196721,3.945852,3.47541,4.108465,3.786885,246,.2330801
.8236349,.8823529,.8772088,.9411765,3.980493,4.705883,4.141203,4.794117,247,.2359009
.8247518,.8787879,.8774384,.9393939,4.015602,4.454545,4.174355,4.636364,248,.2400829
.8259151,.9,.8776873,.9333333,4.053729,3.833333,4.210321,3.933333,249,.2470829
.8269076,.8717949,.8779083,.9230769,4.087694,4.564103,4.242329,4.666667,250,.2534643
