mpdemsharenext,mdemsharenext,mpdemwinnext,mdemwinnext,mpdemshareprev,mdemshareprev,mpdemwinprev,mdemwinprev,difgrp,difdemshare
.3657537,.3775378,.0847214,.15,.3814934,.4420248,.0509493,.1,150,-.2476834
.3674773,.3832872,.0859565,.0515873,.3833162,.3500139,.0530902,0,151,-.2438549
.3692168,.3843744,.0872461,.0424837,.3851675,.3852493,.0554099,.0496324,152,-.2373224
.3710485,.3385073,.0886556,.0760234,.3871304,.3387562,.0580459,.0526316,153,-.2341594
.3727831,.3738154,.0900388,.1052632,.3890013,.3733215,.0607271,.1052632,154,-.2283698
.3743541,.3526068,.0913367,.047619,.3907064,.3511722,.0633296,.0277778,155,-.2202546
.3760853,.371207,.0928183,.0454545,.392597,.4120217,.0663977,.0909091,156,-.2177286
.3779443,.3934362,.0944737,.125,.3946408,.4086604,.0699465,.0651042,157,-.2102773
.3791547,.381492,.0955905,.1266026,.3959794,.4145408,.0724125,.0849359,158,-.2058238
.3811315,.3474586,.0974799,.0545455,.398178,.4049698,.0767018,.16,159,-.2025734
.3825633,.3964286,.098903,.1111111,.3997802,.4104244,.0800282,.1648663,160,-.197311
.3842858,.3916169,.1006777,.0661111,.401718,.389422,.0842833,.0234375,161,-.190893
.3858661,.3579905,.1023724,.0909091,.4035062,.3920988,.088456,.0909091,162,-.1869255
.3874038,.3942768,.1040825,.1071429,.4052548,.41445,.0927622,.1986607,163,-.1849293
.3888571,.3918963,.1057555,0,.4069149,.4258349,.0970599,.1,164,-.1789
.3906081,.3680376,.1078497,.0416667,.4089245,.4082339,.1025507,.0833333,165,-.1737406
.3918517,.3814682,.1093911,.1166667,.4103576,.4180785,.1066639,.0953704,166,-.1671365
.3934774,.3715152,.1114759,.0625,.4122379,.4036392,.1123119,.0625,167,-.1626303
.3950019,.4228136,.1135061,.2244898,.4140077,.3823859,.1178958,.047619,168,-.1578728
.3965372,.4170752,.1156221,.1923077,.4157953,.4070091,.1237864,.0769231,169,-.1509314
.3979843,.4286179,.1176881,.1724138,.4174851,.4561917,.1295988,.137931,170,-.147531
.3996364,.3807228,.1201316,.09375,.4194187,.4201962,.1365332,.2083333,171,-.1428588
.401201,.3606958,.12253,.1086869,.4212536,.3956414,.1433866,.0427807,172,-.1387549
.4028412,.3969612,.1251337,.1,.4231802,.3837059,.1508599,.1333333,173,-.1343628
.4043375,.3911327,.1275938,.1,.4249397,.4086723,.1579368,.0333333,174,-.1296107
.406002,.3931835,.1304217,.14,.4268982,.3662012,.1660708,.1866667,175,-.1239072
.4074832,.4211907,.1330215,.1937255,.4286413,.4453478,.1735311,.2058824,176,-.1159028
.4090772,.4238706,.1359072,.1153846,.4305166,.4382927,.181774,.1153846,177,-.1134921
.410627,.4126965,.1388013,.0873016,.4323387,.4542588,.1899838,.1706349,178,-.1069904
.4124576,.4225546,.1423334,.24,.4344884,.4297811,.199902,.12,179,-.1033526
.4138574,.407019,.1451137,.0769231,.4361296,.4105188,.2076194,.1538462,180,-.0984427
.4155653,.392091,.148604,.0714286,.4381284,.4149852,.2171735,.1071429,181,-.091789
.417341,.4070044,.1523433,.0740741,.4402014,.4661418,.2272304,.287037,182,-.0857991
.4191339,.393856,.1562343,.1666667,.4422884,.4668674,.2374773,.308642,183,-.0827652
.4209086,.4149237,.1601964,.0833333,.4443477,.4489218,.2476748,.2777778,184,-.0767402
.422735,.4481436,.1643897,.2244898,.4464595,.4415227,.2581902,.1785714,185,-.0700463
.424526,.4411555,.1686128,.2333333,.4485225,.4449464,.2684874,.3,186,-.0680946
.4267033,.4253544,.1738961,.2111111,.451019,.4422817,.2809381,.3062037,187,-.060102
.4282771,.4168692,.1778176,.1481481,.4528154,.4591041,.2898602,.2275132,188,-.055016
.4303544,.4225994,.1831161,.1666667,.4551762,.4313757,.3015086,.2,189,-.0523306
.432454,.405659,.1886128,.1052632,.45755,.4882306,.3130968,.4736842,190,-.0467987
.4344004,.4126838,.1938391,.0909091,.4597391,.4471189,.3236341,.2727273,191,-.0419995
.4364712,.4634987,.1995264,.2532468,.4620561,.4673913,.3346113,.4420024,192,-.0368388
.4385176,.4277862,.2052822,.1538462,.4643331,.4457965,.3451827,.3461539,193,-.0329707
.4409438,.4386078,.2122671,.2272727,.4670173,.4626987,.3573531,.4232323,194,-.0255244
.4434113,.4787211,.2195502,.2793651,.4697299,.520916,.3692921,.3925926,195,-.020293
.4453578,.4477762,.2254157,.1538462,.4718578,.4810114,.3783947,.3461539,196,-.0190857
.4475824,.4552779,.2322535,.32,.4742767,.4901037,.38843,.44,197,-.0148169
.4503679,.4425232,.2410115,.0869565,.477286,.4648923,.4004281,.3478261,198,-.0061768
.4528028,.4520877,.2488293,.2592593,.4799004,.453473,.410431,.1682099,199,-.0026193
.5295033,.5247809,.6087499,.737691,.4791217,.5231175,.4268365,.5830975,200,.0010756
.5346821,.5390078,.6396677,.6764103,.4835927,.4970003,.4449791,.5,201,.0059721
.5375412,.5183546,.6593952,.72,.4884211,.4725393,.464472,.36,202,.0128868
.5402039,.5200295,.6770405,.5877551,.492875,.4658873,.4830083,.4385487,203,.0181223
.5426634,.5267196,.6927131,.6227451,.4969523,.5231801,.5003989,.5294118,204,.023121
.5453423,.5358357,.7090449,.615,.5013503,.5159174,.5195928,.4472222,205,.0286713
.5477281,.5449448,.7229773,.5905707,.505231,.5017754,.5368414,.5887097,206,.0303553
.5504038,.5552461,.7378818,.7308897,.5095404,.5094943,.5563064,.4954628,207,.0395518
.5526659,.5692842,.7499073,.7232906,.5131485,.4892145,.5728058,.5128205,208,.0424381
.555041,.5677387,.7619532,.8240741,.5169005,.5253345,.5901213,.5787037,209,.0481598
.557778,.5683037,.7751316,.6710103,.5211791,.5405231,.6099972,.5591216,210,.0547264
.5597345,.5712961,.7840875,.7904762,.5242065,.5101954,.6241083,.5505952,211,.057718
.5623571,.5382268,.795507,.7142857,.5282238,.4954866,.6428388,.5714286,212,.0641475
.5645354,.5774332,.8044941,.7567568,.5315245,.5430127,.6581884,.6600285,213,.0685296
.5668399,.5978792,.8135316,.8,.534981,.5267211,.6741795,.68,214,.0728493
.5690343,.573002,.8216993,.8266667,.5382378,.5255367,.6891288,.7,215,.0758627
.571548,.5554318,.8305554,.6651282,.5419271,.5294765,.705879,.6538461,216,.0832684
.5738515,.5811878,.8382023,.84,.5452672,.5125452,.720821,.6,217,.0885941
.5759262,.6147962,.8447286,.9166667,.5482425,.5849192,.7339202,.7,218,.094815
.5780352,.5667512,.8510478,.84,.5512368,.5355026,.7468888,.68,219,.099997
.5801857,.5897437,.8571465,.8888889,.5542556,.5066852,.7596951,.7619048,220,.101581
.5821841,.6081477,.8625329,.875,.5570312,.5789288,.7712241,.75,221,.1070649
.5848597,.6210846,.8693265,.7918116,.5607011,.5773814,.7860579,.7228261,222,.1131485
.5863767,.5991087,.8729752,.9241379,.5627581,.5579444,.7941536,.8390805,223,.1163767
.5891309,.561517,.8792524,.8421053,.5664504,.5768388,.8082746,.7894737,224,.1242089
.5907315,.5738154,.8827016,.6813187,.5685706,.5483671,.8161314,.8285714,225,.1263015
.593152,.5676023,.8876514,.8478161,.571741,.5740065,.8275162,.8965517,226,.1334544
.5949365,.5637228,.8911094,.8928571,.5740514,.5609682,.8355361,.8571429,227,.1383521
.5970705,.5840695,.8950399,.9358974,.5767842,.5831653,.8447089,.7811966,228,.1408611
.5991933,.5920548,.8987385,.9666666,.57947,.5699566,.8533848,.8333333,229,.1480657
.601392,.566604,.9023568,.8823529,.5822174,.5385233,.8619018,.7647059,230,.1542307
.603065,.6061997,.9049747,.9545454,.5842851,.6170551,.868074,.9090909,231,.1552271
.6050887,.6101203,.9079946,.8820176,.5867605,.5376747,.8751961,.7916667,232,.1643469
.6071401,.5952179,.910896,1,.5892405,.616234,.882032,.9642857,233,.1650236
.609204,.5924749,.9136629,.875576,.5917067,.5984854,.8885354,.8978494,234,.1707765
.6112593,.6107528,.9162761,.9694445,.5941344,.6312232,.8946553,.9583333,235,.1755071
.6131425,.6363933,.9185499,.9333333,.5963341,.6173374,.8999546,1,236,.1836271
.615131,.6352465,.9208316,.9297436,.5986314,.6138304,.9052412,.9230769,237,.1864107
.6169737,.6783679,.9228448,.9318182,.600738,.6041677,.9098747,.8636364,238,.1934642
.6188591,.6248966,.9248087,.9545454,.6028715,.6064818,.9143606,.9545454,239,.1950839
.6207834,.6135198,.9267169,1,.6050265,.573728,.9186817,.952381,240,.2004728
.622772,.5917507,.9285919,.8965517,.6072302,.580021,.9228858,.8119122,241,.2092496
.6246182,.6775643,.9302495,.9166667,.6092553,.6550636,.9265632,.9583333,242,.2120435
.6266977,.6032197,.9320259,.9565217,.6115132,.6310065,.9304587,.9130435,243,.2193862
.6286903,.6459438,.9336436,.9642857,.6136547,.6088298,.9339606,.9642857,244,.2248477
.6305028,.6011542,.9350471,.9047619,.6155843,.6319408,.9369597,.952381,245,.2282954
.6323267,.6240116,.9363961,.8378378,.6175087,.6071936,.9398041,.8918919,246,.234532
.6341553,.6502459,.9376889,.9047619,.6194214,.628191,.9424926,.952381,247,.2355691
.6359521,.6411584,.9389039,.8571429,.621285,.6305192,.9449831,.9940476,248,.2403288
.6379642,.6588423,.9402044,.9916667,.6233548,.6613632,.9476078,1,249,.2470829
.639846,.638899,.9413637,.9615384,.6252738,.6214991,.9499072,.9615384,250,.2500407
